  Game.cpp
C:\Users\user\Documents\University Work\GroupGameDevTeam5\GroupGameDevTeam5\GroupGameDevTeam5\Camera.h(26,36): warning C4324: 'Camera': structure was padded due to alignment specifier
  LevelFile.cpp
C:\Users\user\Documents\University Work\GroupGameDevTeam5\GroupGameDevTeam5\GroupGameDevTeam5\LevelFile.cpp(24,17): warning C4244: '=': conversion from 'int' to 'float', possible loss of data
C:\Users\user\Documents\University Work\GroupGameDevTeam5\GroupGameDevTeam5\GroupGameDevTeam5\LevelFile.cpp(26,17): warning C4244: '=': conversion from 'int' to 'float', possible loss of data
C:\Users\user\Documents\University Work\GroupGameDevTeam5\GroupGameDevTeam5\GroupGameDevTeam5\LevelFile.cpp(28,17): warning C4244: '=': conversion from 'int' to 'float', possible loss of data
C:\Users\user\Documents\University Work\GroupGameDevTeam5\GroupGameDevTeam5\GroupGameDevTeam5\LevelFile.cpp(30,19): warning C4244: '=': conversion from 'int' to 'float', possible loss of data
C:\Users\user\Documents\University Work\GroupGameDevTeam5\GroupGameDevTeam5\GroupGameDevTeam5\LevelFile.cpp(32,19): warning C4244: '=': conversion from 'int' to 'float', possible loss of data
C:\Users\user\Documents\University Work\GroupGameDevTeam5\GroupGameDevTeam5\GroupGameDevTeam5\LevelFile.cpp(34,17): warning C4244: '=': conversion from 'int' to 'float', possible loss of data
C:\Users\user\Documents\University Work\GroupGameDevTeam5\GroupGameDevTeam5\GroupGameDevTeam5\LevelFile.cpp(36,17): warning C4244: '=': conversion from 'int' to 'float', possible loss of data
C:\Users\user\Documents\University Work\GroupGameDevTeam5\GroupGameDevTeam5\GroupGameDevTeam5\LevelFile.cpp(38,17): warning C4244: '=': conversion from 'int' to 'float', possible loss of data
C:\Users\user\Documents\University Work\GroupGameDevTeam5\GroupGameDevTeam5\GroupGameDevTeam5\LevelFile.cpp(64,128): warning C4100: 'rotZ': unreferenced formal parameter
C:\Users\user\Documents\University Work\GroupGameDevTeam5\GroupGameDevTeam5\GroupGameDevTeam5\LevelFile.cpp(64,116): warning C4100: 'rotY': unreferenced formal parameter
C:\Users\user\Documents\University Work\GroupGameDevTeam5\GroupGameDevTeam5\GroupGameDevTeam5\LevelFile.cpp(64,104): warning C4100: 'rotX': unreferenced formal parameter
C:\Users\user\Documents\University Work\GroupGameDevTeam5\GroupGameDevTeam5\GroupGameDevTeam5\LevelFile.cpp(64,90): warning C4100: 'scaleY': unreferenced formal parameter
C:\Users\user\Documents\University Work\GroupGameDevTeam5\GroupGameDevTeam5\GroupGameDevTeam5\LevelFile.cpp(64,76): warning C4100: 'scaleX': unreferenced formal parameter
C:\Users\user\Documents\University Work\GroupGameDevTeam5\GroupGameDevTeam5\GroupGameDevTeam5\LevelFile.cpp(64,64): warning C4100: 'posZ': unreferenced formal parameter
C:\Users\user\Documents\University Work\GroupGameDevTeam5\GroupGameDevTeam5\GroupGameDevTeam5\LevelFile.cpp(64,52): warning C4100: 'posY': unreferenced formal parameter
C:\Users\user\Documents\University Work\GroupGameDevTeam5\GroupGameDevTeam5\GroupGameDevTeam5\LevelFile.cpp(64,40): warning C4100: 'posX': unreferenced formal parameter
  Generating Code...
  GroupGameDevTeam5.vcxproj -> C:\Users\user\Documents\University Work\GroupGameDevTeam5\GroupGameDevTeam5\x64\Debug\GroupGameDevTeam5.exe
